# JRE version: OpenJDK Runtime Environment (7.0_141-b11) (build 1.7.0_141-b11)
# Java VM: OpenJDK 64-Bit Server VM (24.141-b11 mixed mode windows-amd64 compressed oops)
Heap
 PSYoungGen      total 249856K, used 88961K [0x00000000f0000000, 0x0000000100000000, 0x0000000100000000)
  eden space 237056K, 33% used [0x00000000f0000000,0x00000000f4ddbb40,0x00000000fe780000)
  from space 12800K, 72% used [0x00000000ff380000,0x00000000ffc84c70,0x0000000100000000)
  to   space 12288K, 0% used [0x00000000fe780000,0x00000000fe780000,0x00000000ff380000)
 ParOldGen       total 524288K, used 129030K [0x00000000d0000000, 0x00000000f0000000, 0x00000000f0000000)
  object space 524288K, 24% used [0x00000000d0000000,0x00000000d7e01b40,0x00000000f0000000)
 PSPermGen       total 262144K, used 62812K [0x00000000c0000000, 0x00000000d0000000, 0x00000000d0000000)
  object space 262144K, 23% used [0x00000000c0000000,0x00000000c3d57020,0x00000000d0000000)
GC Heap History (10 events):
Event: 5644.066 GC heap before
{Heap before GC invocations=30 (full 0):
 PSYoungGen      total 247808K, used 240132K [0x00000000f0000000, 0x0000000100000000, 0x0000000100000000)
  eden space 233472K, 100% used [0x00000000f0000000,0x00000000fe400000,0x00000000fe400000)
  from space 14336K, 46% used [0x00000000fe400000,0x00000000fea812c0,0x00000000ff200000)
  to   space 13824K, 0% used [0x00000000ff280000,0x00000000ff280000,0x0000000100000000)
 ParOldGen       total 524288K, used 113693K [0x00000000d0000000, 0x00000000f0000000, 0x00000000f0000000)
  object space 524288K, 21% used [0x00000000d0000000,0x00000000d6f07400,0x00000000f0000000)
 PSPermGen       total 262144K, used 59879K [0x00000000c0000000, 0x00000000d0000000, 0x00000000d0000000)
  object space 262144K, 22% used [0x00000000c0000000,0x00000000c3a79d08,0x00000000d0000000)
Event: 5644.092 GC heap after
Heap after GC invocations=30 (full 0):
 PSYoungGen      total 248832K, used 7777K [0x00000000f0000000, 0x0000000100000000, 0x0000000100000000)
  eden space 235008K, 0% used [0x00000000f0000000,0x00000000f0000000,0x00000000fe580000)
  from space 13824K, 56% used [0x00000000ff280000,0x00000000ffa184e0,0x0000000100000000)
  to   space 13312K, 0% used [0x00000000fe580000,0x00000000fe580000,0x00000000ff280000)
 ParOldGen       total 524288K, used 116344K [0x00000000d0000000, 0x00000000f0000000, 0x00000000f0000000)
  object space 524288K, 22% used [0x00000000d0000000,0x00000000d719e030,0x00000000f0000000)
 PSPermGen       total 262144K, used 59879K [0x00000000c0000000, 0x00000000d0000000, 0x00000000d0000000)
  object space 262144K, 22% used [0x00000000c0000000,0x00000000c3a79d08,0x00000000d0000000)
}
Event: 5834.923 GC heap before
{Heap before GC invocations=31 (full 0):
 PSYoungGen      total 248832K, used 242785K [0x00000000f0000000, 0x0000000100000000, 0x0000000100000000)
  eden space 235008K, 100% used [0x00000000f0000000,0x00000000fe580000,0x00000000fe580000)
  from space 13824K, 56% used [0x00000000ff280000,0x00000000ffa184e0,0x0000000100000000)
  to   space 13312K, 0% used [0x00000000fe580000,0x00000000fe580000,0x00000000ff280000)
 ParOldGen       total 524288K, used 116344K [0x00000000d0000000, 0x00000000f0000000, 0x00000000f0000000)
  object space 524288K, 22% used [0x00000000d0000000,0x00000000d719e030,0x00000000f0000000)
 PSPermGen       total 262144K, used 60047K [0x00000000c0000000, 0x00000000d0000000, 0x00000000d0000000)
  object space 262144K, 22% used [0x00000000c0000000,0x00000000c3aa3dd0,0x00000000d0000000)
Event: 5834.938 GC heap after
Heap after GC invocations=31 (full 0):
 PSYoungGen      total 248320K, used 7521K [0x00000000f0000000, 0x0000000100000000, 0x0000000100000000)
  eden space 235008K, 0% used [0x00000000f0000000,0x00000000f0000000,0x00000000fe580000)
  from space 13312K, 56% used [0x00000000fe580000,0x00000000fecd84f0,0x00000000ff280000)
  to   space 13312K, 0% used [0x00000000ff300000,0x00000000ff300000,0x0000000100000000)
 ParOldGen       total 524288K, used 119100K [0x00000000d0000000, 0x00000000f0000000, 0x00000000f0000000)
  object space 524288K, 22% used [0x00000000d0000000,0x00000000d744f3d0,0x00000000f0000000)
 PSPermGen       total 262144K, used 60047K [0x00000000c0000000, 0x00000000d0000000, 0x00000000d0000000)
  object space 262144K, 22% used [0x00000000c0000000,0x00000000c3aa3dd0,0x00000000d0000000)
}
Event: 6421.778 GC heap before
{Heap before GC invocations=32 (full 0):
 PSYoungGen      total 248320K, used 233895K [0x00000000f0000000, 0x0000000100000000, 0x0000000100000000)
  eden space 235008K, 96% used [0x00000000f0000000,0x00000000fdd117f8,0x00000000fe580000)
  from space 13312K, 56% used [0x00000000fe580000,0x00000000fecd84f0,0x00000000ff280000)
  to   space 13312K, 0% used [0x00000000ff300000,0x00000000ff300000,0x0000000100000000)
 ParOldGen       total 524288K, used 119100K [0x00000000d0000000, 0x00000000f0000000, 0x00000000f0000000)
  object space 524288K, 22% used [0x00000000d0000000,0x00000000d744f3d0,0x00000000f0000000)
 PSPermGen       total 262144K, used 60483K [0x00000000c0000000, 0x00000000d0000000, 0x00000000d0000000)
  object space 262144K, 23% used [0x00000000c0000000,0x00000000c3b10f70,0x00000000d0000000)
Event: 6421.795 GC heap after
Heap after GC invocations=32 (full 0):
 PSYoungGen      total 249344K, used 8188K [0x00000000f0000000, 0x0000000100000000, 0x0000000100000000)
  eden space 236032K, 0% used [0x00000000f0000000,0x00000000f0000000,0x00000000fe680000)
  from space 13312K, 61% used [0x00000000ff300000,0x00000000ffaff340,0x0000000100000000)
  to   space 12800K, 0% used [0x00000000fe680000,0x00000000fe680000,0x00000000ff300000)
 ParOldGen       total 524288K, used 121705K [0x00000000d0000000, 0x00000000f0000000, 0x00000000f0000000)
  object space 524288K, 23% used [0x00000000d0000000,0x00000000d76da648,0x00000000f0000000)
 PSPermGen       total 262144K, used 60483K [0x00000000c0000000, 0x00000000d0000000, 0x00000000d0000000)
  object space 262144K, 23% used [0x00000000c0000000,0x00000000c3b10f70,0x00000000d0000000)
}
Event: 7386.240 GC heap before
{Heap before GC invocations=33 (full 0):
 PSYoungGen      total 249344K, used 244220K [0x00000000f0000000, 0x0000000100000000, 0x0000000100000000)
  eden space 236032K, 100% used [0x00000000f0000000,0x00000000fe680000,0x00000000fe680000)
  from space 13312K, 61% used [0x00000000ff300000,0x00000000ffaff340,0x0000000100000000)
  to   space 12800K, 0% used [0x00000000fe680000,0x00000000fe680000,0x00000000ff300000)
 ParOldGen       total 524288K, used 121705K [0x00000000d0000000, 0x00000000f0000000, 0x00000000f0000000)
  object space 524288K, 23% used [0x00000000d0000000,0x00000000d76da648,0x00000000f0000000)
 PSPermGen       total 262144K, used 62125K [0x00000000c0000000, 0x00000000d0000000, 0x00000000d0000000)
  object space 262144K, 23% used [0x00000000c0000000,0x00000000c3cab6c8,0x00000000d0000000)
Event: 7386.263 GC heap after
Heap after GC invocations=33 (full 0):
 PSYoungGen      total 248832K, used 8969K [0x00000000f0000000, 0x0000000100000000, 0x0000000100000000)
  eden space 236032K, 0% used [0x00000000f0000000,0x00000000f0000000,0x00000000fe680000)
  from space 12800K, 70% used [0x00000000fe680000,0x00000000fef42790,0x00000000ff300000)
  to   space 12800K, 0% used [0x00000000ff380000,0x00000000ff380000,0x0000000100000000)
 ParOldGen       total 524288K, used 124232K [0x00000000d0000000, 0x00000000f0000000, 0x00000000f0000000)
  object space 524288K, 23% used [0x00000000d0000000,0x00000000d7952090,0x00000000f0000000)
 PSPermGen       total 262144K, used 62125K [0x00000000c0000000, 0x00000000d0000000, 0x00000000d0000000)
  object space 262144K, 23% used [0x00000000c0000000,0x00000000c3cab6c8,0x00000000d0000000)
}
Event: 7773.398 GC heap before
{Heap before GC invocations=34 (full 0):
 PSYoungGen      total 248832K, used 245001K [0x00000000f0000000, 0x0000000100000000, 0x0000000100000000)
  eden space 236032K, 100% used [0x00000000f0000000,0x00000000fe680000,0x00000000fe680000)
  from space 12800K, 70% used [0x00000000fe680000,0x00000000fef42790,0x00000000ff300000)
  to   space 12800K, 0% used [0x00000000ff380000,0x00000000ff380000,0x0000000100000000)
 ParOldGen       total 524288K, used 124232K [0x00000000d0000000, 0x00000000f0000000, 0x00000000f0000000)
  object space 524288K, 23% used [0x00000000d0000000,0x00000000d7952090,0x00000000f0000000)
 PSPermGen       total 262144K, used 62161K [0x00000000c0000000, 0x00000000d0000000, 0x00000000d0000000)
  object space 262144K, 23% used [0x00000000c0000000,0x00000000c3cb4768,0x00000000d0000000)
Event: 7773.420 GC heap after
Heap after GC invocations=34 (full 0):
 PSYoungGen      total 249856K, used 9235K [0x00000000f0000000, 0x0000000100000000, 0x0000000100000000)
  eden space 237056K, 0% used [0x00000000f0000000,0x00000000f0000000,0x00000000fe780000)
  from space 12800K, 72% used [0x00000000ff380000,0x00000000ffc84c70,0x0000000100000000)
  to   space 12288K, 0% used [0x00000000fe780000,0x00000000fe780000,0x00000000ff380000)
 ParOldGen       total 524288K, used 129030K [0x00000000d0000000, 0x00000000f0000000, 0x00000000f0000000)
  object space 524288K, 24% used [0x00000000d0000000,0x00000000d7e01b40,0x00000000f0000000)
 PSPermGen       total 262144K, used 62161K [0x00000000c0000000, 0x00000000d0000000, 0x00000000d0000000)
  object space 262144K, 23% used [0x00000000c0000000,0x00000000c3cb4768,0x00000000d0000000)
}

